* using log directory ‘/Users/rjabal/Documents/FinnGen/development/fganalysis-r/fganalysis.Rcheck’
* using R version 4.5.1 (2025-06-13)
* using platform: aarch64-apple-darwin20
* R was compiled by
    Apple clang version 16.0.0 (clang-1600.0.26.6)
    GNU Fortran (GCC) 14.2.0
* running under: macOS Sequoia 15.5
* using session charset: UTF-8
* using options ‘--no-manual --as-cran’
* checking for file ‘fganalysis/DESCRIPTION’ ... OK
* checking extension type ... Package
* this is package ‘fganalysis’ version ‘0.1.0’
* package encoding: UTF-8
* checking CRAN incoming feasibility ... NOTE
Maintainer: ‘Mitja Kurki <mitja.kurki@gmail.com>’

New submission

No Authors@R field in DESCRIPTION.
Please add one, modifying
  Authors@R: person(given = "Mitja",
                    family = "Kurki",
                    role = c("aut", "cre"),
                    email = "mitja.kurki@gmail.com")
as necessary.

The Description field should not start with the package name,
  'This package' or similar.
* checking package namespace information ... OK
* checking package dependencies ... OK
* checking if this is a source package ... OK
* checking if there is a namespace ... OK
* checking for executable files ... OK
* checking for hidden files and directories ... OK
* checking for portable file names ... OK
* checking for sufficient/correct file permissions ... OK
* checking serialization versions ... OK
* checking whether package ‘fganalysis’ can be installed ... OK
* checking installed package size ... OK
* checking package directory ... OK
* checking for future file timestamps ... OK
* checking DESCRIPTION meta-information ... OK
* checking top-level files ... NOTE
Files ‘README.md’ or ‘NEWS.md’ cannot be checked without ‘pandoc’ being installed.
* checking for left-over files ... OK
* checking index information ... OK
* checking package subdirectories ... OK
* checking code files for non-ASCII characters ... OK
* checking R files for syntax errors ... OK
* checking whether the package can be loaded ... OK
* checking whether the package can be loaded with stated dependencies ... OK
* checking whether the package can be unloaded cleanly ... OK
* checking whether the namespace can be loaded with stated dependencies ... OK
* checking whether the namespace can be unloaded cleanly ... OK
* checking loading without being on the library search path ... OK
* checking use of S3 registration ... OK
* checking dependencies in R code ... OK
* checking S3 generic/method consistency ... OK
* checking replacement functions ... OK
* checking foreign function calls ... OK
* checking R code for possible problems ... OK
* checking Rd files ... OK
* checking Rd metadata ... OK
* checking Rd line widths ... OK
* checking Rd cross-references ... OK
* checking for missing documentation entries ... OK
* checking for code/documentation mismatches ... OK
* checking Rd \usage sections ... OK
* checking Rd contents ... OK
* checking for unstated dependencies in examples ... OK
* checking examples ... NONE
* checking for unstated dependencies in ‘tests’ ... OK
* checking tests ... ERROR
  Running ‘testthat.R’
Running the tests in ‘tests/testthat.R’ failed.
Last 13 lines of output:
  [1] "Querying lab measurements..."
  [1] "Removed 2 outliers based on 1 standard deviations from the mean."
  [1] "Querying purchases..."
  [ FAIL 1 | WARN 0 | SKIP 0 | PASS 16 ]
  
  ══ Failed tests ════════════════════════════════════════════════════════════════
  ── Error ('test-drug_response_functions.R:104:3'): create_drug_response removes outliers correctly ──
  Error in `select(., all_of(return_cols))`: ℹ In argument: `all_of(return_cols)`.
  Caused by error in `all_of()`:
  ! Can't subset elements that don't exist.
  ✖ Element `APPROX_EVENT_DAY` doesn't exist.
  
  [ FAIL 1 | WARN 0 | SKIP 0 | PASS 16 ]
  Error: Test failures
  Execution halted
* checking for non-standard things in the check directory ... OK
* checking for detritus in the temp directory ... OK
* DONE
Status: 1 ERROR, 2 NOTEs
