* using log directory ‘/mnt/longGWAS_disk_100GB/long_gwas/Github_clones/fganalysis-r/..Rcheck’
* using R version 4.3.3 (2024-02-29)
* using platform: x86_64-conda-linux-gnu (64-bit)
* R was compiled by
    x86_64-conda-linux-gnu-cc (conda-forge gcc 10.4.0-19) 10.4.0
    GNU Fortran (conda-forge gcc 10.4.0-19) 10.4.0
* running under: Debian GNU/Linux 12 (bookworm)
* using session charset: UTF-8
* using option ‘--no-manual’
* checking for file ‘./DESCRIPTION’ ... OK
* checking extension type ... Package
* this is package ‘fganalysis’ version ‘0.1.0’
* package encoding: UTF-8
* checking package namespace information ... OK
* checking package dependencies ... OK
* checking if this is a source package ... OK
* checking if there is a namespace ... OK
* checking for executable files ... OK
* checking for hidden files and directories ... NOTE
Found the following hidden files and directories:
  .gitignore
  .lintr
  ..Rcheck
  .git
  .github
These were most likely included in error. See section ‘Package
structure’ in the ‘Writing R Extensions’ manual.
* checking for portable file names ... OK
* checking for sufficient/correct file permissions ... OK
* checking whether package ‘fganalysis’ can be installed ... OK
* checking installed package size ... OK
* checking package directory ... OK
* checking DESCRIPTION meta-information ... NOTE
Checking should be performed on sources prepared by ‘R CMD build’.
* checking top-level files ... OK
* checking for left-over files ... OK
* checking index information ... OK
* checking package subdirectories ... WARNING
Found the following directory with the name of a check directory:
  ./..Rcheck
Most likely, these were included erroneously.
* checking R files for non-ASCII characters ... OK
* checking R files for syntax errors ... OK
* checking whether the package can be loaded ... OK
* checking whether the package can be loaded with stated dependencies ... OK
* checking whether the package can be unloaded cleanly ... OK
* checking whether the namespace can be loaded with stated dependencies ... OK
* checking whether the namespace can be unloaded cleanly ... OK
* checking loading without being on the library search path ... OK
* checking dependencies in R code ... OK
* checking S3 generic/method consistency ... OK
* checking replacement functions ... OK
* checking foreign function calls ... OK
* checking R code for possible problems ... OK
* checking Rd files ... OK
* checking Rd metadata ... OK
* checking Rd cross-references ... OK
* checking for missing documentation entries ... OK
* checking for code/documentation mismatches ... WARNING
Codoc mismatches from documentation object 'calculate_blup_slopes':
calculate_blup_slopes
  Code: function(data, output_dir = ".", min_measurements = 2,
                 include_sex = TRUE, debug_dir = NULL,
                 drug_exposed_only = FALSE, calculate_post_variance =
                 FALSE, calculate_qc = FALSE, normalize_variance =
                 FALSE, save_model = FALSE, plot_blup_correlation =
                 FALSE, output_file_prefix = NULL)
  Docs: function(data, output_dir = ".", min_measurements = 2,
                 include_sex = TRUE, debug_dir = NULL,
                 drug_exposed_only = FALSE, calculate_post_variance =
                 FALSE, calculate_qc = FALSE, normalize_variance =
                 FALSE, save_model = FALSE, plot_blup_correlation = FALSE,
                 output_file_prefix = NULL)
  Mismatches in argument names (first 3):
    Position: 3 Code: min_measurements Docs: min_measurements
    Position: 4 Code: include_sex Docs: include_sex
    Position: 5 Code: debug_dir Docs: debug_dir

* checking Rd \usage sections ... OK
* checking Rd contents ... OK
* checking for unstated dependencies in examples ... OK
* checking LazyData ... NOTE
  'LazyData' is specified without a 'data' directory
* checking examples ... NONE
* checking for unstated dependencies in ‘tests’ ... OK
* checking tests ... ERROR
  Running ‘testthat.R’
Running the tests in ‘tests/testthat.R’ failed.
Last 13 lines of output:
  ── Failure ('test-get_measurements_before_drug.R:49:3'): get_measurements_before_drug works as a standalone function ──
  ... %>% unique() not equal to "Male".
  Lengths differ: 0 is not 1
  ── Failure ('test-get_measurements_before_drug.R:52:3'): get_measurements_before_drug works as a standalone function ──
  ... %>% unique() not equal to 2.
  Lengths differ: 0 is not 1
  ── Failure ('test-qc_functions.R:168:3'): calculate_blup_slopes works with direct lab measurement input ──
  "X3001308_fixed_slope" %in% colnames(output_data) is not TRUE

  `actual`:   FALSE
  `expected`: TRUE

  [ FAIL 6 | WARN 16 | SKIP 1 | PASS 109 ]
  Error: Test failures
  Execution halted
* DONE
Status: 1 ERROR, 2 WARNINGs, 3 NOTEs
